#
# There is insufficient memory for the Java Runtime Environment to continue.
# Native memory allocation (mmap) failed to map 268435456 bytes for Failed to commit area from 0x0000000701c00000 to 0x0000000711c00000 of length 268435456.
# Possible reasons:
#   The system is out of physical RAM or swap space
#   The process is running with CompressedOops enabled, and the Java Heap may be blocking the growth of the native heap
# Possible solutions:
#   Reduce memory load on the system
#   Increase physical memory or swap space
#   Check if swap backing store is full
#   Decrease Java heap size (-Xmx/-Xms)
#   Decrease number of Java threads
#   Decrease Java thread stack sizes (-Xss)
#   Set larger code cache with -XX:ReservedCodeCacheSize=
# This output file may be truncated or incomplete.
#
#  Out of Memory Error (c:/BuildAgent/work/5ff2f6c26000d570/src/hotspot/os/windows/os_windows.cpp:3296), pid=34572, tid=9220
#
# JRE version:  (11.0.6+8) (build )
# Java VM: OpenJDK 64-Bit Server VM (11.0.6+8-b520.43, mixed mode, sharing, tiered, compressed oops, g1 gc, windows-amd64)
# No core dump will be written. Minidumps are not enabled by default on client versions of Windows
#

---------------  S U M M A R Y ------------

Command Line: org.jetbrains.git4idea.http.GitAskPassApp Password for 'https://entity1313@bitbucket.org': 

Host: Intel(R) Core(TM) i5-8250U CPU @ 1.60GHz, 8 cores, 15G,  Windows 10 , 64 bit Build 18362 (10.0.18362.900)
Time: Sun Jun 14 20:20:00 2020 Aieaia?aa (ceia) elapsed time: 0 seconds (0d 0h 0m 0s)

---------------  T H R E A D  ---------------

Current thread (0x000002512a87b800):  JavaThread "Unknown thread" [_thread_in_vm, id=9220, stack(0x0000007137700000,0x0000007137800000)]

Stack: [0x0000007137700000,0x0000007137800000]
Native frames: (J=compiled Java code, j=interpreted, Vv=VM code, C=native code)
V  [jvm.dll+0x5de31a]
V  [jvm.dll+0x710ae5]
V  [jvm.dll+0x712005]
V  [jvm.dll+0x7126b3]
V  [jvm.dll+0x23e3a8]
V  [jvm.dll+0x5db814]
V  [jvm.dll+0x5d0a35]
V  [jvm.dll+0x2faeeb]
V  [jvm.dll+0x2fae5a]
V  [jvm.dll+0x2fad32]
V  [jvm.dll+0x2ffc06]
V  [jvm.dll+0x348483]
V  [jvm.dll+0x348b86]
V  [jvm.dll+0x348583]
V  [jvm.dll+0x2d57b8]
V  [jvm.dll+0x2d6957]
V  [jvm.dll+0x6ef8a7]
V  [jvm.dll+0x6f109c]
V  [jvm.dll+0x355a79]
V  [jvm.dll+0x6d49ee]
V  [jvm.dll+0x3bf0a3]
V  [jvm.dll+0x3c15c1]
C  [jli.dll+0x5363]
C  [ucrtbase.dll+0x20e82]
C  [KERNEL32.DLL+0x17bd4]
C  [ntdll.dll+0x6ce51]


---------------  P R O C E S S  ---------------

Threads class SMR info:
_java_thread_list=0x0000025128744630, length=0, elements={
}

Java Threads: ( => current thread )

Other Threads:
  0x000002512a892000 GCTaskThread "GC Thread#0" [stack: 0x0000007137800000,0x0000007137900000] [id=13368]
  0x000002512a8f2000 ConcurrentGCThread "G1 Main Marker" [stack: 0x0000007137900000,0x0000007137a00000] [id=10312]
  0x000002512a8f4000 ConcurrentGCThread "G1 Conc#0" [stack: 0x0000007137a00000,0x0000007137b00000] [id=3612]

[error occurred during error reporting (printing all threads), id 0xc0000005, EXCEPTION_ACCESS_VIOLATION (0xc0000005) at pc=0x00007ff821566027]

VM state:not at safepoint (not fully initialized)

VM Mutex/Monitor currently owned by a thread:  ([mutex/lock_event])
[0x000002512a876aa0] Heap_lock - owner thread: 0x000002512a87b800

Heap address: 0x0000000701c00000, size: 4068 MB, Compressed Oops mode: Non-zero based: 0x0000000701c00000
Narrow klass base: 0x0000000000000000, Narrow klass shift: 0

GC Heap History (0 events):
No events

Deoptimization events (0 events):
No events

Classes redefined (0 events):
No events

Internal exceptions (0 events):
No events

Events (2 events):
Event: 0.005 Loaded shared library D:\Program Files\JetBrains\PhpStorm 2019.3.1\jbr\bin\zip.dll
Event: 0.005 Loaded shared library D:\Program Files\JetBrains\PhpStorm 2019.3.1\jbr\bin\jimage.dll


Dynamic libraries:
0x00007ff7b9b70000 - 0x00007ff7b9b7a000 	D:\Program Files\JetBrains\PhpStorm 2019.3.1\jbr\bin\java.exe
0x00007ff89a380000 - 0x00007ff89a570000 	C:\WINDOWS\SYSTEM32\ntdll.dll
0x00007ff899cb0000 - 0x00007ff899d62000 	C:\WINDOWS\System32\KERNEL32.DLL
0x00007ff897550000 - 0x00007ff8977f4000 	C:\WINDOWS\System32\KERNELBASE.dll
0x00007ff897830000 - 0x00007ff89792a000 	C:\WINDOWS\System32\ucrtbase.dll
0x00007ff87b560000 - 0x00007ff87b577000 	D:\Program Files\JetBrains\PhpStorm 2019.3.1\jbr\bin\VCRUNTIME140.dll
0x00007ff87b580000 - 0x00007ff87b599000 	D:\Program Files\JetBrains\PhpStorm 2019.3.1\jbr\bin\jli.dll
0x00007ff899550000 - 0x00007ff8996e4000 	C:\WINDOWS\System32\USER32.dll
0x00007ff897800000 - 0x00007ff897821000 	C:\WINDOWS\System32\win32u.dll
0x00007ff88a5e0000 - 0x00007ff88a864000 	C:\WINDOWS\WinSxS\amd64_microsoft.windows.common-controls_6595b64144ccf1df_6.0.18362.900_none_e6beb9d913147d17\COMCTL32.dll
0x00007ff899d70000 - 0x00007ff899d96000 	C:\WINDOWS\System32\GDI32.dll
0x00007ff899700000 - 0x00007ff89979e000 	C:\WINDOWS\System32\msvcrt.dll
0x00007ff898130000 - 0x00007ff8982c5000 	C:\WINDOWS\System32\gdi32full.dll
0x00007ff897460000 - 0x00007ff8974fe000 	C:\WINDOWS\System32\msvcp_win.dll
0x00007ff8990b0000 - 0x00007ff8993e5000 	C:\WINDOWS\System32\combase.dll
0x00007ff898570000 - 0x00007ff898690000 	C:\WINDOWS\System32\RPCRT4.dll
0x00007ff897930000 - 0x00007ff8979b0000 	C:\WINDOWS\System32\bcryptPrimitives.dll
0x00007ff8984e0000 - 0x00007ff89850e000 	C:\WINDOWS\System32\IMM32.DLL
0x00007ff85acc0000 - 0x00007ff85ad5d000 	D:\Program Files\JetBrains\PhpStorm 2019.3.1\jbr\bin\msvcp140.dll
0x00007ff821280000 - 0x00007ff821d3d000 	D:\Program Files\JetBrains\PhpStorm 2019.3.1\jbr\bin\server\jvm.dll
0x00007ff8993f0000 - 0x00007ff899493000 	C:\WINDOWS\System32\ADVAPI32.dll
0x00007ff8994a0000 - 0x00007ff899537000 	C:\WINDOWS\System32\sechost.dll
0x00007ff899b70000 - 0x00007ff899b78000 	C:\WINDOWS\System32\PSAPI.DLL
0x00007ff88d2d0000 - 0x00007ff88d2f4000 	C:\WINDOWS\SYSTEM32\WINMM.dll
0x00007ff8897a0000 - 0x00007ff8897a9000 	C:\WINDOWS\SYSTEM32\WSOCK32.dll
0x00007ff891e40000 - 0x00007ff891e4a000 	C:\WINDOWS\SYSTEM32\VERSION.dll
0x00007ff898ee0000 - 0x00007ff898f4f000 	C:\WINDOWS\System32\WS2_32.dll
0x00007ff88c6a0000 - 0x00007ff88c6cd000 	C:\WINDOWS\SYSTEM32\winmmbase.dll
0x00007ff897500000 - 0x00007ff89754a000 	C:\WINDOWS\System32\cfgmgr32.dll
0x00007ff8972c0000 - 0x00007ff8972d1000 	C:\WINDOWS\System32\kernel.appcore.dll
0x00007ff891030000 - 0x00007ff891041000 	D:\Program Files\JetBrains\PhpStorm 2019.3.1\jbr\bin\verify.dll
0x00007ff895b50000 - 0x00007ff895d44000 	C:\WINDOWS\SYSTEM32\DBGHELP.DLL
0x00007ff88fcb0000 - 0x00007ff88fcda000 	C:\WINDOWS\SYSTEM32\dbgcore.DLL
0x00007ff886870000 - 0x00007ff886899000 	D:\Program Files\JetBrains\PhpStorm 2019.3.1\jbr\bin\java.dll
0x00007ff891010000 - 0x00007ff891028000 	D:\Program Files\JetBrains\PhpStorm 2019.3.1\jbr\bin\zip.dll
0x00007ff890f80000 - 0x00007ff890f8b000 	D:\Program Files\JetBrains\PhpStorm 2019.3.1\jbr\bin\jimage.dll

dbghelp: loaded successfully - version: 4.0.5 - missing functions: none
symbol engine: initialized successfully - sym options: 0x614 - pdb path: .;D:\Program Files\JetBrains\PhpStorm 2019.3.1\jbr\bin;C:\WINDOWS\SYSTEM32;C:\WINDOWS\WinSxS\amd64_microsoft.windows.common-controls_6595b64144ccf1df_6.0.18362.900_none_e6beb9d913147d17;D:\Program Files\JetBrains\PhpStorm 2019.3.1\jbr\bin\server

VM Arguments:
java_command: org.jetbrains.git4idea.http.GitAskPassApp Password for 'https://entity1313@bitbucket.org': 
java_class_path (initial): D:/Program Files/JetBrains/PhpStorm 2019.3.1/plugins/git4idea/lib/git4idea-rt.jar;D:/Program Files/JetBrains/PhpStorm 2019.3.1/lib/xmlrpc-2.0.1.jar;D:/Program Files/JetBrains/PhpStorm 2019.3.1/lib/commons-codec-1.13.jar;D:/Program Files/JetBrains/PhpStorm 2019.3.1/lib/util.jar
Launcher Type: SUN_STANDARD

[Global flags]
     intx CICompilerCount                          = 4                                         {product} {ergonomic}
     uint ConcGCThreads                            = 2                                         {product} {ergonomic}
     uint G1ConcRefinementThreads                  = 8                                         {product} {ergonomic}
   size_t G1HeapRegionSize                         = 1048576                                   {product} {ergonomic}
    uintx GCDrainStackTargetSize                   = 64                                        {product} {ergonomic}
   size_t InitialHeapSize                          = 268435456                                 {product} {ergonomic}
   size_t MarkStackSize                            = 4194304                                   {product} {ergonomic}
   size_t MaxHeapSize                              = 4265607168                                {product} {ergonomic}
   size_t MinHeapDeltaBytes                        = 1048576                                   {product} {ergonomic}
    uintx NonNMethodCodeHeapSize                   = 5836300                                {pd product} {ergonomic}
    uintx NonProfiledCodeHeapSize                  = 122910970                              {pd product} {ergonomic}
    uintx ProfiledCodeHeapSize                     = 122910970                              {pd product} {ergonomic}
    uintx ReservedCodeCacheSize                    = 251658240                              {pd product} {ergonomic}
     bool SegmentedCodeCache                       = true                                      {product} {ergonomic}
     bool UseCompressedClassPointers               = true                                 {lp64_product} {ergonomic}
     bool UseCompressedOops                        = true                                 {lp64_product} {ergonomic}
     bool UseG1GC                                  = true                                      {product} {ergonomic}
     bool UseLargePagesIndividualAllocation        = false                                  {pd product} {ergonomic}

Logging:
Log output configuration:
 #0: stdout all=warning uptime,level,tags
 #1: stderr all=off uptime,level,tags

Environment Variables:
PATH=C:\Program Files\Git\mingw64\libexec\git-core;C:\Program Files\Git\mingw64\libexec\git-core;C:\Program Files\Git\mingw64\bin;C:\Program Files\Git\usr\bin;C:\Users\max\bin;C:\Windows\system32;C:\Windows;C:\Windows\System32\Wbem;C:\Windows\System32\WindowsPowerShell\v1.0;C:\Windows\System32\OpenSSH;C:\Program Files (x86)\Intel\Intel(R) Management Engine Components\DAL;C:\Program Files\Intel\Intel(R) Management Engine Components\DAL;C:\Program Files\Intel\WiFi\bin;C:\Program Files\Common Files\Intel\WirelessCommon;C:\Program Files (x86)\NVIDIA Corporation\PhysX\Common;C:\Program Files\NVIDIA Corporation\NVIDIA NvDLISR;C:\WINDOWS\system32;C:\WINDOWS;C:\WINDOWS\System32\Wbem;C:\WINDOWS\System32\WindowsPowerShell\v1.0;C:\WINDOWS\System32\OpenSSH;C:\Program Files\Git\cmd;D:\xampp\php;C:\ProgramData\ComposerSetup\bin;D:\Program Files\nodejs;C:\Program Files\PuTTY;D:\Dev\_wpcli;D:\xampp\mysql\bin;C:\Program Files\Git\usr\bin;C:\Program Files (x86)\Yarn\bin;C:\Users\max\AppData\Local\Microsoft\WindowsApps;D:\Program Files\JetBrains\PhpStorm 2019.3.1\bin;D:\Program Files\JetBrains\PyCharm 2019.3.1\bin;C:\Users\max\AppData\Roaming\Composer\vendor\bin;C:\Users\max\AppData\Roaming\npm;C:\Program Files\gs\gs9.50\bin;C:\Users\max\AppData\Local\Yarn\bin
USERNAME=max
DISPLAY=:0.0
OS=Windows_NT
PROCESSOR_IDENTIFIER=Intel64 Family 6 Model 142 Stepping 10, GenuineIntel



---------------  S Y S T E M  ---------------

OS: Windows 10 , 64 bit Build 18362 (10.0.18362.900)

CPU:total 8 (initial active 8) (4 cores per cpu, 2 threads per core) family 6 model 142 stepping 10, cmov, cx8, fxsr, mmx, sse, sse2, sse3, ssse3, sse4.1, sse4.2, popcnt, avx, avx2, aes, clmul, erms, 3dnowpref, lzcnt, ht, tsc, tscinvbit, bmi1, bmi2, adx, fma

Memory: 4k page, system-wide physical 16267M (2878M free)
TotalPageFile size 26507M (AvailPageFile size 232M)
current process WorkingSet (physical memory assigned to process): 10M, peak: 10M
current process commit charge ("private bytes"): 60M, peak: 316M

vm_info: OpenJDK 64-Bit Server VM (11.0.6+8-b520.43) for windows-amd64 JRE (11.0.6+8-b520.43), built on Feb  3 2020 14:18:56 by "" with MS VC++ 14.0 (VS2015)

END.
